
2025/02/11 (10:46:14) | ===> btop++ v.1.4.0
2025/02/11 (10:46:14) | DEBUG: Running in DEBUG mode!
2025/02/11 (10:46:14) | INFO: Logger set to DEBUG
2025/02/11 (10:46:14) | DEBUG: Using locale en_US.UTF-8
2025/02/11 (10:46:14) | INFO: Running on /dev/pts/0
2025/02/11 (10:46:15) | WARNING: NVML: Failed to get maximum GPU power draw, defaulting to 225W: Not Supported
2025/02/11 (10:46:15) | WARNING: NVML: Failed to get GPU power usage: Not Supported
2025/02/11 (10:46:15) | INFO: Failed to load librocm_smi64.so, AMD GPUs will not be detected: librocm_smi64.so.6: cannot open shared object file: No such file or directory
2025/02/11 (10:46:15) | WARNING: Intel GPU: Failed to initialize PMU
2025/02/11 (10:46:15) | DEBUG: Shared::init() : Initialized.
2025/02/11 (10:46:15) | DEBUG: Loading theme file: /home/jafar/.config/btop/themes/monokai.theme
2025/02/11 (10:46:16) | DEBUG: Writing new config file
2025/02/11 (10:46:16) | INFO: Quitting! Runtime: 00:00:02

2025/02/11 (10:46:22) | ===> btop++ v.1.4.0
2025/02/11 (10:46:22) | WARNING: NVML: Failed to get maximum GPU power draw, defaulting to 225W: Not Supported
2025/02/11 (10:46:22) | WARNING: NVML: Failed to get GPU power usage: Not Supported
2025/02/11 (10:46:22) | WARNING: Intel GPU: Failed to initialize PMU
2025/02/11 (10:46:36) | WARNING: Failed to get disk/partition stats for mount "/mnt/e" with statvfs error code: 19. Ignoring...

2025/02/11 (10:46:45) | ===> btop++ v.1.4.0
2025/02/11 (10:46:45) | WARNING: NVML: Failed to get maximum GPU power draw, defaulting to 225W: Not Supported
2025/02/11 (10:46:45) | WARNING: NVML: Failed to get GPU power usage: Not Supported
2025/02/11 (10:46:45) | WARNING: Intel GPU: Failed to initialize PMU

2025/02/11 (10:46:49) | ===> btop++ v.1.4.0
2025/02/11 (10:46:49) | WARNING: NVML: Failed to get maximum GPU power draw, defaulting to 225W: Not Supported
2025/02/11 (10:46:49) | WARNING: NVML: Failed to get GPU power usage: Not Supported
2025/02/11 (10:46:49) | WARNING: Intel GPU: Failed to initialize PMU

2025/02/11 (10:48:18) | ===> btop++ v.1.4.0
2025/02/11 (10:48:18) | WARNING: NVML: Failed to get maximum GPU power draw, defaulting to 225W: Not Supported
2025/02/11 (10:48:18) | WARNING: NVML: Failed to get GPU power usage: Not Supported
2025/02/11 (10:48:18) | WARNING: Intel GPU: Failed to initialize PMU

2025/02/11 (10:59:29) | ===> btop++ v.1.4.0
2025/02/11 (10:59:29) | WARNING: NVML: Failed to get maximum GPU power draw, defaulting to 225W: Not Supported
2025/02/11 (10:59:29) | WARNING: NVML: Failed to get GPU power usage: Not Supported
2025/02/11 (10:59:29) | WARNING: Intel GPU: Failed to initialize PMU

2025/02/11 (10:59:46) | ===> btop++ v.1.4.0
2025/02/11 (10:59:46) | WARNING: NVML: Failed to get maximum GPU power draw, defaulting to 225W: Not Supported
2025/02/11 (10:59:46) | WARNING: NVML: Failed to get GPU power usage: Not Supported
2025/02/11 (10:59:46) | WARNING: Intel GPU: Failed to initialize PMU
2025/02/11 (11:01:00) | WARNING: Failed to get disk/partition stats for mount "/mnt/e" with statvfs error code: 19. Ignoring...

2025/02/11 (11:25:05) | ===> btop++ v.1.4.0
2025/02/11 (11:25:05) | WARNING: NVML: Failed to get maximum GPU power draw, defaulting to 225W: Not Supported
2025/02/11 (11:25:05) | WARNING: NVML: Failed to get GPU power usage: Not Supported
2025/02/11 (11:25:05) | WARNING: Intel GPU: Failed to initialize PMU
2025/02/11 (11:26:37) | WARNING: Failed to get disk/partition stats for mount "/mnt/e" with statvfs error code: 19. Ignoring...

2025/02/11 (11:38:25) | ===> btop++ v.1.4.0
2025/02/11 (11:38:25) | WARNING: NVML: Failed to get maximum GPU power draw, defaulting to 225W: Not Supported
2025/02/11 (11:38:25) | WARNING: NVML: Failed to get GPU power usage: Not Supported
2025/02/11 (11:38:25) | WARNING: Intel GPU: Failed to initialize PMU
2025/02/11 (11:39:58) | WARNING: Failed to get disk/partition stats for mount "/mnt/e" with statvfs error code: 19. Ignoring...

2025/02/11 (12:08:35) | ===> btop++ v.1.4.0
2025/02/11 (12:08:35) | WARNING: NVML: Failed to get maximum GPU power draw, defaulting to 225W: Not Supported
2025/02/11 (12:08:35) | WARNING: NVML: Failed to get GPU power usage: Not Supported
2025/02/11 (12:08:35) | WARNING: Intel GPU: Failed to initialize PMU
2025/02/11 (12:10:05) | WARNING: Failed to get disk/partition stats for mount "/mnt/e" with statvfs error code: 19. Ignoring...

2025/02/11 (12:16:12) | ===> btop++ v.1.4.0
2025/02/11 (12:16:12) | WARNING: NVML: Failed to get maximum GPU power draw, defaulting to 225W: Not Supported
2025/02/11 (12:16:12) | WARNING: NVML: Failed to get GPU power usage: Not Supported
2025/02/11 (12:16:12) | WARNING: Intel GPU: Failed to initialize PMU
2025/02/11 (12:17:44) | WARNING: Failed to get disk/partition stats for mount "/mnt/e" with statvfs error code: 19. Ignoring...

2025/02/11 (12:26:59) | ===> btop++ v.1.4.0
2025/02/11 (12:26:59) | WARNING: NVML: Failed to get maximum GPU power draw, defaulting to 225W: Not Supported
2025/02/11 (12:26:59) | WARNING: NVML: Failed to get GPU power usage: Not Supported
2025/02/11 (12:26:59) | WARNING: Intel GPU: Failed to initialize PMU
2025/02/11 (12:28:31) | WARNING: Failed to get disk/partition stats for mount "/mnt/e" with statvfs error code: 19. Ignoring...

2025/02/11 (12:30:39) | ===> btop++ v.1.4.0
2025/02/11 (12:30:39) | WARNING: NVML: Failed to get maximum GPU power draw, defaulting to 225W: Not Supported
2025/02/11 (12:30:39) | WARNING: NVML: Failed to get GPU power usage: Not Supported
2025/02/11 (12:30:39) | WARNING: Intel GPU: Failed to initialize PMU
2025/02/11 (12:32:10) | WARNING: Failed to get disk/partition stats for mount "/mnt/e" with statvfs error code: 19. Ignoring...

2025/02/11 (12:56:45) | ===> btop++ v.1.4.0
2025/02/11 (12:56:45) | WARNING: NVML: Failed to get maximum GPU power draw, defaulting to 225W: Not Supported
2025/02/11 (12:56:45) | WARNING: NVML: Failed to get GPU power usage: Not Supported
2025/02/11 (12:56:45) | WARNING: Intel GPU: Failed to initialize PMU
2025/02/11 (12:58:15) | WARNING: Failed to get disk/partition stats for mount "/mnt/e" with statvfs error code: 19. Ignoring...

2025/02/11 (13:03:06) | ===> btop++ v.1.4.0
2025/02/11 (13:03:06) | WARNING: NVML: Failed to get maximum GPU power draw, defaulting to 225W: Not Supported
2025/02/11 (13:03:06) | WARNING: NVML: Failed to get GPU power usage: Not Supported
2025/02/11 (13:03:06) | WARNING: Intel GPU: Failed to initialize PMU
2025/02/11 (13:04:36) | WARNING: Failed to get disk/partition stats for mount "/mnt/e" with statvfs error code: 19. Ignoring...

2025/02/11 (15:55:36) | ===> btop++ v.1.4.0
2025/02/11 (15:55:36) | WARNING: NVML: Failed to get maximum GPU power draw, defaulting to 225W: Not Supported
2025/02/11 (15:55:36) | WARNING: NVML: Failed to get GPU power usage: Not Supported
2025/02/11 (15:55:36) | WARNING: Intel GPU: Failed to initialize PMU

2025/02/11 (15:55:52) | ===> btop++ v.1.4.0
2025/02/11 (15:55:52) | WARNING: NVML: Failed to get maximum GPU power draw, defaulting to 225W: Not Supported
2025/02/11 (15:55:52) | WARNING: NVML: Failed to get GPU power usage: Not Supported
2025/02/11 (15:55:52) | WARNING: Intel GPU: Failed to initialize PMU
2025/02/11 (15:57:07) | WARNING: Failed to get disk/partition stats for mount "/mnt/e" with statvfs error code: 19. Ignoring...
